----- CREATING FRAGMENTS -----
Tot. fragments: 16056
----- K-FOLD EXPERIMENT 1 -----
FEATURE EXTRACTION
task function words (#features=79) [Done]
task words lengths (#features=22) [Done]
task sentences lengths (#features=67) [Done]
task syllables n-grams (#features=1080) [Done]
Training shape:  (12844, 1248)
Test shape:  (3212, 1248)
CLASSIFICATION
Invalid -W option ignored: unknown warning category: 'ConvergenceWarning'
Invalid -W option ignored: unknown warning category: 'ConvergenceWarning'
Invalid -W option ignored: unknown warning category: 'ConvergenceWarning'
Invalid -W option ignored: unknown warning category: 'ConvergenceWarning'
Best C: 100
F1: 0.727
----- K-FOLD EXPERIMENT 2 -----
FEATURE EXTRACTION
task function words (#features=79) [Done]
task words lengths (#features=22) [Done]
task sentences lengths (#features=67) [Done]
task syllables n-grams (#features=1080) [Done]
Training shape:  (12845, 1248)
Test shape:  (3211, 1248)
CLASSIFICATION
Invalid -W option ignored: unknown warning category: 'ConvergenceWarning'
Invalid -W option ignored: unknown warning category: 'ConvergenceWarning'
Invalid -W option ignored: unknown warning category: 'ConvergenceWarning'
Invalid -W option ignored: unknown warning category: 'ConvergenceWarning'
Best C: 1
F1: 0.741
----- K-FOLD EXPERIMENT 3 -----
FEATURE EXTRACTION
task function words (#features=79) [Done]
task words lengths (#features=22) [Done]
task sentences lengths (#features=67) [Done]
task syllables n-grams (#features=1080) [Done]
Training shape:  (12845, 1248)
Test shape:  (3211, 1248)
CLASSIFICATION
Invalid -W option ignored: unknown warning category: 'ConvergenceWarning'
Invalid -W option ignored: unknown warning category: 'ConvergenceWarning'
Invalid -W option ignored: unknown warning category: 'ConvergenceWarning'
Invalid -W option ignored: unknown warning category: 'ConvergenceWarning'
Best C: 1
F1: 0.735
----- K-FOLD EXPERIMENT 4 -----
FEATURE EXTRACTION
task function words (#features=79) [Done]
task words lengths (#features=22) [Done]
task sentences lengths (#features=67) [Done]
task syllables n-grams (#features=1080) [Done]
Training shape:  (12845, 1248)
Test shape:  (3211, 1248)
CLASSIFICATION
Invalid -W option ignored: unknown warning category: 'ConvergenceWarning'
Invalid -W option ignored: unknown warning category: 'ConvergenceWarning'
Invalid -W option ignored: unknown warning category: 'ConvergenceWarning'
Invalid -W option ignored: unknown warning category: 'ConvergenceWarning'
Best C: 0.001
F1: 0.716
----- K-FOLD EXPERIMENT 5 -----
FEATURE EXTRACTION
task function words (#features=79) [Done]
task words lengths (#features=22) [Done]
task sentences lengths (#features=67) [Done]
task syllables n-grams (#features=1080) [Done]
Training shape:  (12845, 1248)
Test shape:  (3211, 1248)
CLASSIFICATION
Best C: 0.1
F1: 0.732
----- FINAL SCORE -----
Macro-F1: 0.585
Micro-F1: 0.743
Invalid -W option ignored: unknown warning category: 'ConvergenceWarning'
Invalid -W option ignored: unknown warning category: 'ConvergenceWarning'
Invalid -W option ignored: unknown warning category: 'ConvergenceWarning'
Invalid -W option ignored: unknown warning category: 'ConvergenceWarning'
Invalid -W option ignored: unknown warning category: 'ConvergenceWarning'
Invalid -W option ignored: unknown warning category: 'ConvergenceWarning'
