----- CREATING FRAGMENTS -----
Tot. fragments: 16056
----- K-FOLD EXPERIMENT 1 -----
FEATURE EXTRACTION
task function words (#features=79) [Done]
task words lengths (#features=22) [Done]
task sentences lengths (#features=67) [Done]
task syllables n-grams (#features=108) [Done]
Training shape:  (12844, 276)
Test shape:  (3212, 276)
CLASSIFICATION
Invalid -W option ignored: unknown warning category: 'ConvergenceWarning'
Invalid -W option ignored: unknown warning category: 'ConvergenceWarning'
Invalid -W option ignored: unknown warning category: 'ConvergenceWarning'
Invalid -W option ignored: unknown warning category: 'ConvergenceWarning'
Best C: 10
F1: 0.722
----- K-FOLD EXPERIMENT 2 -----
FEATURE EXTRACTION
task function words (#features=79) [Done]
task words lengths (#features=22) [Done]
task sentences lengths (#features=67) [Done]
task syllables n-grams (#features=108) [Done]
Training shape:  (12845, 276)
Test shape:  (3211, 276)
CLASSIFICATION
Invalid -W option ignored: unknown warning category: 'ConvergenceWarning'
Invalid -W option ignored: unknown warning category: 'ConvergenceWarning'
Invalid -W option ignored: unknown warning category: 'ConvergenceWarning'
Invalid -W option ignored: unknown warning category: 'ConvergenceWarning'
Best C: 0.001
F1: 0.740
----- K-FOLD EXPERIMENT 3 -----
FEATURE EXTRACTION
task function words (#features=79) [Done]
task words lengths (#features=22) [Done]
task sentences lengths (#features=67) [Done]
task syllables n-grams (#features=108) [Done]
Training shape:  (12845, 276)
Test shape:  (3211, 276)
CLASSIFICATION
Invalid -W option ignored: unknown warning category: 'ConvergenceWarning'
Invalid -W option ignored: unknown warning category: 'ConvergenceWarning'
Invalid -W option ignored: unknown warning category: 'ConvergenceWarning'
Invalid -W option ignored: unknown warning category: 'ConvergenceWarning'
Best C: 0.1
F1: 0.711
----- K-FOLD EXPERIMENT 4 -----
FEATURE EXTRACTION
task function words (#features=79) [Done]
task words lengths (#features=22) [Done]
task sentences lengths (#features=67) [Done]
task syllables n-grams (#features=108) [Done]
Training shape:  (12845, 276)
Test shape:  (3211, 276)
CLASSIFICATION
Invalid -W option ignored: unknown warning category: 'ConvergenceWarning'
Invalid -W option ignored: unknown warning category: 'ConvergenceWarning'
Invalid -W option ignored: unknown warning category: 'ConvergenceWarning'
Invalid -W option ignored: unknown warning category: 'ConvergenceWarning'
Best C: 0.001
F1: 0.729
----- K-FOLD EXPERIMENT 5 -----
FEATURE EXTRACTION
task function words (#features=79) [Done]
task words lengths (#features=22) [Done]
task sentences lengths (#features=67) [Done]
task syllables n-grams (#features=108) [Done]
Training shape:  (12845, 276)
Test shape:  (3211, 276)
CLASSIFICATION
Best C: 10
F1: 0.716
----- FINAL SCORE -----
Macro-F1: 0.575
Micro-F1: 0.739
Invalid -W option ignored: unknown warning category: 'ConvergenceWarning'
Invalid -W option ignored: unknown warning category: 'ConvergenceWarning'
Invalid -W option ignored: unknown warning category: 'ConvergenceWarning'
Invalid -W option ignored: unknown warning category: 'ConvergenceWarning'
Invalid -W option ignored: unknown warning category: 'ConvergenceWarning'
Invalid -W option ignored: unknown warning category: 'ConvergenceWarning'
