----- CREATING DATASET -----
Tot. fragments: 15837
----- K-FOLD EXPERIMENT 1 -----
FEATURE EXTRACTION
task function words (#features=79) [Done]
task words lengths (#features=22) [Done]
task sentences lengths (#features=67) [Done]
task syllables n-grams (#features=351) [Done]
Training shape:  (12669, 519)
Test shape:  (3168, 519)
CLASSIFICATION
Invalid -W option ignored: unknown warning category: 'ConvergenceWarning'
Invalid -W option ignored: unknown warning category: 'ConvergenceWarning'
Invalid -W option ignored: unknown warning category: 'ConvergenceWarning'
Invalid -W option ignored: unknown warning category: 'ConvergenceWarning'
Best C: 100
F1: 0.736
----- K-FOLD EXPERIMENT 2 -----
FEATURE EXTRACTION
task function words (#features=79) [Done]
task words lengths (#features=22) [Done]
task sentences lengths (#features=67) [Done]
task syllables n-grams (#features=351) [Done]
Training shape:  (12669, 519)
Test shape:  (3168, 519)
CLASSIFICATION
Invalid -W option ignored: unknown warning category: 'ConvergenceWarning'
Invalid -W option ignored: unknown warning category: 'ConvergenceWarning'
Invalid -W option ignored: unknown warning category: 'ConvergenceWarning'
Invalid -W option ignored: unknown warning category: 'ConvergenceWarning'
Best C: 100
F1: 0.742
----- K-FOLD EXPERIMENT 3 -----
FEATURE EXTRACTION
task function words (#features=79) [Done]
task words lengths (#features=22) [Done]
task sentences lengths (#features=67) [Done]
task syllables n-grams (#features=351) [Done]
Training shape:  (12670, 519)
Test shape:  (3167, 519)
CLASSIFICATION
Invalid -W option ignored: unknown warning category: 'ConvergenceWarning'
Invalid -W option ignored: unknown warning category: 'ConvergenceWarning'
Invalid -W option ignored: unknown warning category: 'ConvergenceWarning'
Invalid -W option ignored: unknown warning category: 'ConvergenceWarning'
Best C: 0.001
F1: 0.746
----- K-FOLD EXPERIMENT 4 -----
FEATURE EXTRACTION
task function words (#features=79) [Done]
task words lengths (#features=22) [Done]
task sentences lengths (#features=67) [Done]
task syllables n-grams (#features=351) [Done]
Training shape:  (12670, 519)
Test shape:  (3167, 519)
CLASSIFICATION
Invalid -W option ignored: unknown warning category: 'ConvergenceWarning'
Invalid -W option ignored: unknown warning category: 'ConvergenceWarning'
Invalid -W option ignored: unknown warning category: 'ConvergenceWarning'
Invalid -W option ignored: unknown warning category: 'ConvergenceWarning'
Best C: 0.01
F1: 0.734
----- K-FOLD EXPERIMENT 5 -----
FEATURE EXTRACTION
task function words (#features=79) [Done]
task words lengths (#features=22) [Done]
task sentences lengths (#features=67) [Done]
task syllables n-grams (#features=351) [Done]
Training shape:  (12670, 519)
Test shape:  (3167, 519)
CLASSIFICATION
Best C: 10
F1: 0.738
----- FINAL SCORE -----
Macro-F1: 0.603
Micro-F1: 0.751
Invalid -W option ignored: unknown warning category: 'ConvergenceWarning'
Invalid -W option ignored: unknown warning category: 'ConvergenceWarning'
Invalid -W option ignored: unknown warning category: 'ConvergenceWarning'
Invalid -W option ignored: unknown warning category: 'ConvergenceWarning'
Invalid -W option ignored: unknown warning category: 'ConvergenceWarning'
Invalid -W option ignored: unknown warning category: 'ConvergenceWarning'
