----- DOWNLOADING TEXTS -----
Texts downloaded: 68
Failed attempts: 0
----- CLEANING TEXTS -----
----- CLEANING COMPLETE -----
----- CREATING DATASET -----
Tot. fragments: 15837
----- K-FOLD EXPERIMENT 1 -----
FEATURE EXTRACTION
task function words (#features=79) [Done]
task words lengths (#features=22) [Done]
task sentences lengths (#features=67) [Done]
Training shape:  (12669, 168)
Test shape:  (3168, 168)
CLASSIFICATION
Best C: 0.1
F1: 0.719
----- K-FOLD EXPERIMENT 2 -----
FEATURE EXTRACTION
task function words (#features=79) [Done]
task words lengths (#features=22) [Done]
task sentences lengths (#features=67) [Done]
Training shape:  (12669, 168)
Test shape:  (3168, 168)
CLASSIFICATION
Best C: 1000
F1: 0.710
----- K-FOLD EXPERIMENT 3 -----
FEATURE EXTRACTION
task function words (#features=79) [Done]
task words lengths (#features=22) [Done]
task sentences lengths (#features=67) [Done]
Training shape:  (12670, 168)
Test shape:  (3167, 168)
CLASSIFICATION
Best C: 0.1
F1: 0.716
----- K-FOLD EXPERIMENT 4 -----
FEATURE EXTRACTION
task function words (#features=79) [Done]
task words lengths (#features=22) [Done]
task sentences lengths (#features=67) [Done]
Training shape:  (12670, 168)
Test shape:  (3167, 168)
CLASSIFICATION
Best C: 0.01
F1: 0.723
----- K-FOLD EXPERIMENT 5 -----
FEATURE EXTRACTION
task function words (#features=79) [Done]
task words lengths (#features=22) [Done]
task sentences lengths (#features=67) [Done]
Training shape:  (12670, 168)
Test shape:  (3167, 168)
CLASSIFICATION
Best C: 10
F1: 0.712
----- FINAL SCORE -----
Macro-F1: 0.572
Micro-F1: 0.730
Invalid -W option ignored: unknown warning category: 'ConvergenceWarning'
Invalid -W option ignored: unknown warning category: 'ConvergenceWarning'
Invalid -W option ignored: unknown warning category: 'ConvergenceWarning'
Invalid -W option ignored: unknown warning category: 'ConvergenceWarning'
Invalid -W option ignored: unknown warning category: 'ConvergenceWarning'
Invalid -W option ignored: unknown warning category: 'ConvergenceWarning'
