----- DOWNLOADING TEXTS -----
Texts downloaded: 69
Failed attempts: 0
----- CLEANING TEXTS -----
----- CLEANING COMPLETE -----
----- CREATING FRAGMENTS -----
Tot. fragments: 16056
----- K-FOLD EXPERIMENT 1 -----
FEATURE EXTRACTION
task function words (#features=79) [Done]
task words lengths (#features=22) [Done]
task sentences lengths (#features=67) [Done]
Training shape:  (12844, 168)
Test shape:  (3212, 168)
CLASSIFICATION
Best C: 1000
F1: 0.710
----- K-FOLD EXPERIMENT 2 -----
FEATURE EXTRACTION
task function words (#features=79) [Done]
task words lengths (#features=22) [Done]
task sentences lengths (#features=67) [Done]
Training shape:  (12845, 168)
Test shape:  (3211, 168)
CLASSIFICATION
Best C: 1
F1: 0.703
----- K-FOLD EXPERIMENT 3 -----
FEATURE EXTRACTION
task function words (#features=79) [Done]
task words lengths (#features=22) [Done]
task sentences lengths (#features=67) [Done]
Training shape:  (12845, 168)
Test shape:  (3211, 168)
CLASSIFICATION
Best C: 0.001
F1: 0.707
----- K-FOLD EXPERIMENT 4 -----
FEATURE EXTRACTION
task function words (#features=79) [Done]
task words lengths (#features=22) [Done]
task sentences lengths (#features=67) [Done]
Training shape:  (12845, 168)
Test shape:  (3211, 168)
CLASSIFICATION
Best C: 10
F1: 0.697
----- K-FOLD EXPERIMENT 5 -----
FEATURE EXTRACTION
task function words (#features=79) [Done]
task words lengths (#features=22) [Done]
task sentences lengths (#features=67) [Done]
Training shape:  (12845, 168)
Test shape:  (3211, 168)
CLASSIFICATION
Best C: 0.1
F1: 0.703
----- FINAL SCORE -----
Macro-F1: 0.549
Micro-F1: 0.720
Invalid -W option ignored: unknown warning category: 'ConvergenceWarning'
Invalid -W option ignored: unknown warning category: 'ConvergenceWarning'
Invalid -W option ignored: unknown warning category: 'ConvergenceWarning'
Invalid -W option ignored: unknown warning category: 'ConvergenceWarning'
Invalid -W option ignored: unknown warning category: 'ConvergenceWarning'
Invalid -W option ignored: unknown warning category: 'ConvergenceWarning'
