----- CREATING FRAGMENTS -----
Tot. fragments: 16056
----- K-FOLD EXPERIMENT 1 -----
FEATURE EXTRACTION
task function words (#features=79) [Done]
task words lengths (#features=22) [Done]
task sentences lengths (#features=67) [Done]
task syllables n-grams (#features=351) [Done]
Training shape:  (12844, 519)
Test shape:  (3212, 519)
CLASSIFICATION
Invalid -W option ignored: unknown warning category: 'ConvergenceWarning'
Invalid -W option ignored: unknown warning category: 'ConvergenceWarning'
Invalid -W option ignored: unknown warning category: 'ConvergenceWarning'
Invalid -W option ignored: unknown warning category: 'ConvergenceWarning'
Best C: 10
F1: 0.725
----- K-FOLD EXPERIMENT 2 -----
FEATURE EXTRACTION
task function words (#features=79) [Done]
task words lengths (#features=22) [Done]
task sentences lengths (#features=67) [Done]
task syllables n-grams (#features=351) [Done]
Training shape:  (12845, 519)
Test shape:  (3211, 519)
CLASSIFICATION
Invalid -W option ignored: unknown warning category: 'ConvergenceWarning'
Invalid -W option ignored: unknown warning category: 'ConvergenceWarning'
Invalid -W option ignored: unknown warning category: 'ConvergenceWarning'
Invalid -W option ignored: unknown warning category: 'ConvergenceWarning'
Best C: 0.1
F1: 0.738
----- K-FOLD EXPERIMENT 3 -----
FEATURE EXTRACTION
task function words (#features=79) [Done]
task words lengths (#features=22) [Done]
task sentences lengths (#features=67) [Done]
task syllables n-grams (#features=351) [Done]
Training shape:  (12845, 519)
Test shape:  (3211, 519)
CLASSIFICATION
Invalid -W option ignored: unknown warning category: 'ConvergenceWarning'
Invalid -W option ignored: unknown warning category: 'ConvergenceWarning'
Invalid -W option ignored: unknown warning category: 'ConvergenceWarning'
Invalid -W option ignored: unknown warning category: 'ConvergenceWarning'
Best C: 0.1
F1: 0.741
----- K-FOLD EXPERIMENT 4 -----
FEATURE EXTRACTION
task function words (#features=79) [Done]
task words lengths (#features=22) [Done]
task sentences lengths (#features=67) [Done]
task syllables n-grams (#features=351) [Done]
Training shape:  (12845, 519)
Test shape:  (3211, 519)
CLASSIFICATION
Invalid -W option ignored: unknown warning category: 'ConvergenceWarning'
Invalid -W option ignored: unknown warning category: 'ConvergenceWarning'
Invalid -W option ignored: unknown warning category: 'ConvergenceWarning'
Invalid -W option ignored: unknown warning category: 'ConvergenceWarning'
Best C: 0.001
F1: 0.715
----- K-FOLD EXPERIMENT 5 -----
FEATURE EXTRACTION
task function words (#features=79) [Done]
task words lengths (#features=22) [Done]
task sentences lengths (#features=67) [Done]
task syllables n-grams (#features=351) [Done]
Training shape:  (12845, 519)
Test shape:  (3211, 519)
CLASSIFICATION
Best C: 1000
F1: 0.733
----- FINAL SCORE -----
Macro-F1: 0.586
Micro-F1: 0.744
Invalid -W option ignored: unknown warning category: 'ConvergenceWarning'
Invalid -W option ignored: unknown warning category: 'ConvergenceWarning'
Invalid -W option ignored: unknown warning category: 'ConvergenceWarning'
Invalid -W option ignored: unknown warning category: 'ConvergenceWarning'
Invalid -W option ignored: unknown warning category: 'ConvergenceWarning'
Invalid -W option ignored: unknown warning category: 'ConvergenceWarning'
